{"C:\\Users\\allo\\Desktop\\microverse\\PROJECTS\\todo-list\\src\\crud.js": {"path":"C:\\Users\\allo\\Desktop\\microverse\\PROJECTS\\todo-list\\src\\crud.js","statementMap":{"0":{"start":{"line":1,"column":20},"end":{"line":1,"column":51}},"1":{"start":{"line":2,"column":21},"end":{"line":2,"column":72}},"2":{"start":{"line":5,"column":2},"end":{"line":5,"column":61}},"3":{"start":{"line":5,"column":34},"end":{"line":5,"column":59}},"4":{"start":{"line":9,"column":2},"end":{"line":11,"column":3}},"5":{"start":{"line":10,"column":4},"end":{"line":10,"column":44}},"6":{"start":{"line":15,"column":15},"end":{"line":15,"column":46}},"7":{"start":{"line":16,"column":19},"end":{"line":16,"column":47}},"8":{"start":{"line":17,"column":17},"end":{"line":17,"column":44}},"9":{"start":{"line":19,"column":2},"end":{"line":35,"column":3}},"10":{"start":{"line":20,"column":4},"end":{"line":20,"column":174}},"11":{"start":{"line":21,"column":4},"end":{"line":22,"column":139}},"12":{"start":{"line":24,"column":4},"end":{"line":24,"column":38}},"13":{"start":{"line":25,"column":4},"end":{"line":25,"column":33}},"14":{"start":{"line":26,"column":4},"end":{"line":26,"column":31}},"15":{"start":{"line":28,"column":4},"end":{"line":28,"column":187}},"16":{"start":{"line":29,"column":4},"end":{"line":30,"column":129}},"17":{"start":{"line":32,"column":4},"end":{"line":32,"column":38}},"18":{"start":{"line":33,"column":4},"end":{"line":33,"column":33}},"19":{"start":{"line":34,"column":4},"end":{"line":34,"column":31}},"20":{"start":{"line":39,"column":2},"end":{"line":39,"column":26}},"21":{"start":{"line":40,"column":2},"end":{"line":40,"column":11}},"22":{"start":{"line":41,"column":2},"end":{"line":43,"column":5}},"23":{"start":{"line":42,"column":4},"end":{"line":42,"column":61}},"24":{"start":{"line":49,"column":15},"end":{"line":53,"column":3}},"25":{"start":{"line":55,"column":2},"end":{"line":55,"column":21}},"26":{"start":{"line":56,"column":2},"end":{"line":56,"column":61}},"27":{"start":{"line":61,"column":2},"end":{"line":61,"column":57}},"28":{"start":{"line":61,"column":37},"end":{"line":61,"column":55}},"29":{"start":{"line":62,"column":2},"end":{"line":62,"column":61}},"30":{"start":{"line":64,"column":2},"end":{"line":64,"column":17}},"31":{"start":{"line":69,"column":22},"end":{"line":69,"column":74}},"32":{"start":{"line":70,"column":2},"end":{"line":70,"column":63}},"33":{"start":{"line":70,"column":37},"end":{"line":70,"column":61}},"34":{"start":{"line":71,"column":2},"end":{"line":71,"column":61}},"35":{"start":{"line":74,"column":2},"end":{"line":74,"column":86}},"36":{"start":{"line":74,"column":31},"end":{"line":74,"column":84}},"37":{"start":{"line":76,"column":2},"end":{"line":76,"column":61}},"38":{"start":{"line":77,"column":2},"end":{"line":77,"column":17}},"39":{"start":{"line":81,"column":19},"end":{"line":81,"column":59}},"40":{"start":{"line":82,"column":22},"end":{"line":82,"column":74}},"41":{"start":{"line":84,"column":2},"end":{"line":92,"column":6}},"42":{"start":{"line":84,"column":28},"end":{"line":92,"column":4}},"43":{"start":{"line":85,"column":4},"end":{"line":85,"column":79}},"44":{"start":{"line":85,"column":39},"end":{"line":85,"column":77}},"45":{"start":{"line":86,"column":4},"end":{"line":86,"column":63}},"46":{"start":{"line":87,"column":4},"end":{"line":87,"column":29}},"47":{"start":{"line":89,"column":4},"end":{"line":89,"column":88}},"48":{"start":{"line":89,"column":33},"end":{"line":89,"column":86}},"49":{"start":{"line":91,"column":4},"end":{"line":91,"column":63}},"50":{"start":{"line":96,"column":2},"end":{"line":114,"column":3}},"51":{"start":{"line":97,"column":4},"end":{"line":113,"column":5}},"52":{"start":{"line":98,"column":6},"end":{"line":98,"column":53}},"53":{"start":{"line":99,"column":6},"end":{"line":99,"column":50}},"54":{"start":{"line":101,"column":6},"end":{"line":101,"column":100}},"55":{"start":{"line":102,"column":6},"end":{"line":102,"column":93}},"56":{"start":{"line":103,"column":6},"end":{"line":103,"column":27}},"57":{"start":{"line":104,"column":11},"end":{"line":113,"column":5}},"58":{"start":{"line":105,"column":6},"end":{"line":105,"column":69}},"59":{"start":{"line":106,"column":6},"end":{"line":106,"column":51}},"60":{"start":{"line":107,"column":18},"end":{"line":107,"column":94}},"61":{"start":{"line":107,"column":44},"end":{"line":107,"column":93}},"62":{"start":{"line":108,"column":6},"end":{"line":108,"column":57}},"63":{"start":{"line":110,"column":6},"end":{"line":110,"column":103}},"64":{"start":{"line":111,"column":6},"end":{"line":111,"column":101}},"65":{"start":{"line":112,"column":6},"end":{"line":112,"column":65}}},"fnMap":{"0":{"name":"sortTasksbyIndex","decl":{"start":{"line":4,"column":16},"end":{"line":4,"column":32}},"loc":{"start":{"line":4,"column":43},"end":{"line":6,"column":1}},"line":4},"1":{"name":"(anonymous_1)","decl":{"start":{"line":5,"column":16},"end":{"line":5,"column":17}},"loc":{"start":{"line":5,"column":34},"end":{"line":5,"column":59}},"line":5},"2":{"name":"hidden","decl":{"start":{"line":8,"column":16},"end":{"line":8,"column":22}},"loc":{"start":{"line":8,"column":25},"end":{"line":12,"column":1}},"line":8},"3":{"name":"createTask","decl":{"start":{"line":14,"column":16},"end":{"line":14,"column":26}},"loc":{"start":{"line":14,"column":58},"end":{"line":36,"column":1}},"line":14},"4":{"name":"loadDomList","decl":{"start":{"line":38,"column":16},"end":{"line":38,"column":27}},"loc":{"start":{"line":38,"column":30},"end":{"line":44,"column":1}},"line":38},"5":{"name":"(anonymous_5)","decl":{"start":{"line":41,"column":16},"end":{"line":41,"column":17}},"loc":{"start":{"line":41,"column":26},"end":{"line":43,"column":3}},"line":41},"6":{"name":"AddTask","decl":{"start":{"line":48,"column":16},"end":{"line":48,"column":23}},"loc":{"start":{"line":48,"column":33},"end":{"line":57,"column":1}},"line":48},"7":{"name":"deleteTask","decl":{"start":{"line":59,"column":16},"end":{"line":59,"column":26}},"loc":{"start":{"line":59,"column":40},"end":{"line":66,"column":1}},"line":59},"8":{"name":"(anonymous_8)","decl":{"start":{"line":61,"column":27},"end":{"line":61,"column":28}},"loc":{"start":{"line":61,"column":37},"end":{"line":61,"column":55}},"line":61},"9":{"name":"deleteCompletedTask","decl":{"start":{"line":68,"column":16},"end":{"line":68,"column":35}},"loc":{"start":{"line":68,"column":45},"end":{"line":78,"column":1}},"line":68},"10":{"name":"(anonymous_10)","decl":{"start":{"line":70,"column":27},"end":{"line":70,"column":28}},"loc":{"start":{"line":70,"column":37},"end":{"line":70,"column":61}},"line":70},"11":{"name":"(anonymous_11)","decl":{"start":{"line":74,"column":18},"end":{"line":74,"column":19}},"loc":{"start":{"line":74,"column":31},"end":{"line":74,"column":84}},"line":74},"12":{"name":"moveToTrash","decl":{"start":{"line":80,"column":9},"end":{"line":80,"column":20}},"loc":{"start":{"line":80,"column":30},"end":{"line":93,"column":1}},"line":80},"13":{"name":"(anonymous_13)","decl":{"start":{"line":84,"column":19},"end":{"line":84,"column":20}},"loc":{"start":{"line":84,"column":28},"end":{"line":92,"column":4}},"line":84},"14":{"name":"(anonymous_14)","decl":{"start":{"line":84,"column":58},"end":{"line":84,"column":59}},"loc":{"start":{"line":84,"column":64},"end":{"line":92,"column":3}},"line":84},"15":{"name":"(anonymous_15)","decl":{"start":{"line":85,"column":29},"end":{"line":85,"column":30}},"loc":{"start":{"line":85,"column":39},"end":{"line":85,"column":77}},"line":85},"16":{"name":"(anonymous_16)","decl":{"start":{"line":89,"column":20},"end":{"line":89,"column":21}},"loc":{"start":{"line":89,"column":33},"end":{"line":89,"column":86}},"line":89},"17":{"name":"editTask","decl":{"start":{"line":95,"column":16},"end":{"line":95,"column":24}},"loc":{"start":{"line":95,"column":54},"end":{"line":115,"column":1}},"line":95},"18":{"name":"(anonymous_18)","decl":{"start":{"line":107,"column":36},"end":{"line":107,"column":37}},"loc":{"start":{"line":107,"column":44},"end":{"line":107,"column":93}},"line":107}},"branchMap":{"0":{"loc":{"start":{"line":2,"column":21},"end":{"line":2,"column":72}},"type":"binary-expr","locations":[{"start":{"line":2,"column":21},"end":{"line":2,"column":66}},{"start":{"line":2,"column":70},"end":{"line":2,"column":72}}],"line":2},"1":{"loc":{"start":{"line":19,"column":2},"end":{"line":35,"column":3}},"type":"if","locations":[{"start":{"line":19,"column":2},"end":{"line":35,"column":3}},{"start":{"line":19,"column":2},"end":{"line":35,"column":3}}],"line":19},"2":{"loc":{"start":{"line":96,"column":2},"end":{"line":114,"column":3}},"type":"if","locations":[{"start":{"line":96,"column":2},"end":{"line":114,"column":3}},{"start":{"line":96,"column":2},"end":{"line":114,"column":3}}],"line":96},"3":{"loc":{"start":{"line":96,"column":6},"end":{"line":96,"column":56}},"type":"binary-expr","locations":[{"start":{"line":96,"column":6},"end":{"line":96,"column":18}},{"start":{"line":96,"column":22},"end":{"line":96,"column":56}}],"line":96},"4":{"loc":{"start":{"line":97,"column":4},"end":{"line":113,"column":5}},"type":"if","locations":[{"start":{"line":97,"column":4},"end":{"line":113,"column":5}},{"start":{"line":97,"column":4},"end":{"line":113,"column":5}}],"line":97},"5":{"loc":{"start":{"line":104,"column":11},"end":{"line":113,"column":5}},"type":"if","locations":[{"start":{"line":104,"column":11},"end":{"line":113,"column":5}},{"start":{"line":104,"column":11},"end":{"line":113,"column":5}}],"line":104}},"s":{"0":1,"1":1,"2":0,"3":0,"4":0,"5":0,"6":1,"7":1,"8":1,"9":1,"10":1,"11":1,"12":1,"13":1,"14":1,"15":0,"16":0,"17":0,"18":0,"19":0,"20":0,"21":0,"22":0,"23":0,"24":1,"25":1,"26":1,"27":1,"28":1,"29":1,"30":1,"31":0,"32":0,"33":0,"34":0,"35":0,"36":0,"37":0,"38":0,"39":0,"40":0,"41":0,"42":0,"43":0,"44":0,"45":0,"46":0,"47":0,"48":0,"49":0,"50":0,"51":0,"52":0,"53":0,"54":0,"55":0,"56":0,"57":0,"58":0,"59":0,"60":0,"61":0,"62":0,"63":0,"64":0,"65":0},"f":{"0":0,"1":0,"2":0,"3":1,"4":0,"5":0,"6":1,"7":1,"8":1,"9":0,"10":0,"11":0,"12":0,"13":0,"14":0,"15":0,"16":0,"17":0,"18":0},"b":{"0":[1,1],"1":[1,0],"2":[0,0],"3":[0,0],"4":[0,0],"5":[0,0]},"_coverageSchema":"1a1c01bbd47fc00a2c39e90264f33305004495a9","hash":"a62881968881dcef4e1e05c8443ff22384944d17"}
}
