TN:
SF:src\crud.js
FN:4,sortTasksbyIndex
FN:5,(anonymous_1)
FN:8,hidden
FN:14,createTask
FN:38,loadDomList
FN:41,(anonymous_5)
FN:48,AddTask
FN:59,deleteTask
FN:61,(anonymous_8)
FN:68,deleteCompletedTask
FN:70,(anonymous_10)
FN:74,(anonymous_11)
FN:80,moveToTrash
FN:84,(anonymous_13)
FN:84,(anonymous_14)
FN:85,(anonymous_15)
FN:89,(anonymous_16)
FN:95,editTask
FN:107,(anonymous_18)
FNF:19
FNH:3
FNDA:0,sortTasksbyIndex
FNDA:0,(anonymous_1)
FNDA:0,hidden
FNDA:0,createTask
FNDA:0,loadDomList
FNDA:0,(anonymous_5)
FNDA:1,AddTask
FNDA:1,deleteTask
FNDA:1,(anonymous_8)
FNDA:0,deleteCompletedTask
FNDA:0,(anonymous_10)
FNDA:0,(anonymous_11)
FNDA:0,moveToTrash
FNDA:0,(anonymous_13)
FNDA:0,(anonymous_14)
FNDA:0,(anonymous_15)
FNDA:0,(anonymous_16)
FNDA:0,editTask
FNDA:0,(anonymous_18)
DA:1,1
DA:2,1
DA:5,0
DA:9,0
DA:10,0
DA:15,0
DA:16,0
DA:17,0
DA:19,0
DA:20,0
DA:21,0
DA:24,0
DA:25,0
DA:26,0
DA:28,0
DA:29,0
DA:32,0
DA:33,0
DA:34,0
DA:39,0
DA:40,0
DA:41,0
DA:42,0
DA:49,1
DA:55,1
DA:56,1
DA:61,1
DA:62,1
DA:64,1
DA:69,0
DA:70,0
DA:71,0
DA:74,0
DA:76,0
DA:77,0
DA:81,0
DA:82,0
DA:84,0
DA:85,0
DA:86,0
DA:87,0
DA:89,0
DA:91,0
DA:96,0
DA:97,0
DA:98,0
DA:99,0
DA:101,0
DA:102,0
DA:103,0
DA:104,0
DA:105,0
DA:106,0
DA:107,0
DA:108,0
DA:110,0
DA:111,0
DA:112,0
LF:58
LH:8
BRDA:2,0,0,1
BRDA:2,0,1,1
BRDA:19,1,0,0
BRDA:19,1,1,0
BRDA:96,2,0,0
BRDA:96,2,1,0
BRDA:96,3,0,0
BRDA:96,3,1,0
BRDA:97,4,0,0
BRDA:97,4,1,0
BRDA:104,5,0,0
BRDA:104,5,1,0
BRF:12
BRH:2
end_of_record
